0 info it worked if it ends with ok
1 verbose cli [ 'node', '/usr/local/bin/npm', 'start' ]
2 info using npm@1.3.17
3 info using node@v0.10.23
4 verbose run-script [ 'prestart', 'start', 'poststart' ]
5 info prestart algorithms@0.0.1
6 info start algorithms@0.0.1
7 verbose unsafe-perm in lifecycle true
8 info algorithms@0.0.1 Failed to exec start script
9 error algorithms@0.0.1 start: `node app.js`
9 error Exit status 8
10 error Failed at the algorithms@0.0.1 start script.
10 error This is most likely a problem with the algorithms package,
10 error not with npm itself.
10 error Tell the author that this fails on your system:
10 error     node app.js
10 error You can get their info via:
10 error     npm owner ls algorithms
10 error There is likely additional logging output above.
11 error System Darwin 12.5.0
12 error command "node" "/usr/local/bin/npm" "start"
13 error cwd /Users/jackhoy/code/toys/javascript/algorithms
14 error node -v v0.10.23
15 error npm -v 1.3.17
16 error code ELIFECYCLE
17 verbose exit [ 1, true ]
